生成启动时间为 2013-10-28 20:50:56。
     1>项目“D:\project\C\foodTrack\foodTrack\foodTrack\foodTrack.vcxproj”在节点 2 上(build 个目标)。
     1>InitializeBuildStatus:
         正在创建“.\Debug\foodTrack.unsuccessfulbuild”，因为已指定“AlwaysCreate”。
       ClCompile:
         D:\Program Files\Microsoft Visual Studio 10.0\VC\bin\CL.exe /c /ZI /nologo /W3 /WX- /Od /Oy- /D WIN32 /D _WINDOWS /D _DEBUG /D _MBCS /D _AFXDLL /Gm /EHsc /RTC1 /MDd /GS /fp:precise /Zc:wchar_t /Zc:forScope- /Yc"StdAfx.h" /Fp".\Debug\foodTrack.pch" /Fo".\Debug\\" /Fd".\Debug\vc100.pdb" /Gd /TP /analyze- /errorReport:prompt stdafx.cpp
         stdafx.cpp
         D:\Program Files\Microsoft Visual Studio 10.0\VC\bin\CL.exe /c /ZI /nologo /W3 /WX- /Od /Oy- /D WIN32 /D _WINDOWS /D _DEBUG /D _MBCS /D _AFXDLL /Gm /EHsc /RTC1 /MDd /GS /fp:precise /Zc:wchar_t /Zc:forScope- /Yu"StdAfx.h" /Fp".\Debug\foodTrack.pch" /Fo".\Debug\\" /Fd".\Debug\vc100.pdb" /Gd /TP /analyze- /errorReport:prompt CfoodTrackListView.cpp Class.cpp DlgCardReviewer.cpp DlgClassEdit.cpp DlgComm.cpp DlgCommConfig.cpp DlgFilterClass.cpp DlgFindStudent.cpp DlgSelectStudent.cpp DlgStudentEdit.cpp DlgStudentInfor.cpp foodTrack.cpp foodTrackDoc.cpp Item.cpp MainFrm.cpp RstClass.cpp RstClassList.cpp RstExamType.cpp RstKeyID.cpp RstStudent.cpp RstStudentType.cpp SerialPort.cpp StringOper.cpp Student.cpp
         Student.cpp
         StringOper.cpp
     1>d:\project\c\foodtrack\foodtrack\foodtrack\stringoper.cpp(190): warning C4244: “参数”: 从“int”转换到“float”，可能丢失数据
         SerialPort.cpp
     1>d:\project\c\foodtrack\foodtrack\foodtrack\serialport.cpp(138): warning C4996: 'sprintf': This function or variable may be unsafe. Consider using sprintf_s instead. To disable deprecation, use _CRT_SECURE_NO_WARNINGS. See online help for details.
                 d:\program files\microsoft visual studio 10.0\vc\include\stdio.h(371) : 参见“sprintf”的声明
     1>d:\project\c\foodtrack\foodtrack\foodtrack\serialport.cpp(139): warning C4996: 'sprintf': This function or variable may be unsafe. Consider using sprintf_s instead. To disable deprecation, use _CRT_SECURE_NO_WARNINGS. See online help for details.
                 d:\program files\microsoft visual studio 10.0\vc\include\stdio.h(371) : 参见“sprintf”的声明
     1>d:\project\c\foodtrack\foodtrack\foodtrack\serialport.cpp(423): warning C4996: 'sprintf': This function or variable may be unsafe. Consider using sprintf_s instead. To disable deprecation, use _CRT_SECURE_NO_WARNINGS. See online help for details.
                 d:\program files\microsoft visual studio 10.0\vc\include\stdio.h(371) : 参见“sprintf”的声明
     1>d:\project\c\foodtrack\foodtrack\foodtrack\serialport.cpp(631): warning C4996: 'strcpy': This function or variable may be unsafe. Consider using strcpy_s instead. To disable deprecation, use _CRT_SECURE_NO_WARNINGS. See online help for details.
                 d:\program files\microsoft visual studio 10.0\vc\include\string.h(105) : 参见“strcpy”的声明
         RstStudentType.cpp
         RstStudent.cpp
         RstKeyID.cpp
         RstExamType.cpp
         RstClassList.cpp
         RstClass.cpp
         MainFrm.cpp
         Item.cpp
         foodTrackDoc.cpp
         foodTrack.cpp
         DlgStudentInfor.cpp
         DlgStudentEdit.cpp
         DlgSelectStudent.cpp
         DlgFindStudent.cpp
         DlgFilterClass.cpp
         DlgCommConfig.cpp
         DlgComm.cpp
         正在生成代码...
     1>d:\project\c\foodtrack\foodtrack\foodtrack\foodtrack.cpp(318): warning C4715: “CfoodTrackApp::InitializeDataBase”: 不是所有的控件路径都返回值
         正在编译...
         DlgClassEdit.cpp
         DlgCardReviewer.cpp
     1>d:\project\c\foodtrack\foodtrack\foodtrack\dlgcardreviewer.cpp(14): warning C4081: 应输入“newline”；找到“;”
     1>d:\project\c\foodtrack\foodtrack\foodtrack\dlgcardreviewer.cpp(268): warning C4101: “bStatus”: 未引用的局部变量
     1>d:\project\c\foodtrack\foodtrack\foodtrack\dlgcardreviewer.cpp(266): warning C4101: “st”: 未引用的局部变量
     1>d:\project\c\foodtrack\foodtrack\foodtrack\dlgcardreviewer.cpp(300): warning C4101: “databuff2”: 未引用的局部变量
         Class.cpp
         CfoodTrackListView.cpp
         正在生成代码...
     1>d:\project\c\foodtrack\foodtrack\foodtrack\dlgcardreviewer.cpp(275): warning C4715: “CDlgCardReviewer::ConnectReader”: 不是所有的控件路径都返回值
       ResourceCompile:
         C:\Program Files\Microsoft SDKs\Windows\v7.0A\bin\rc.exe /D _DEBUG /D _AFXDLL /l"0x0804" /I.\Debug\ /nologo /fo".\Debug\foodTrack.res" foodTrack.rc 
       ManifestResourceCompile:
         C:\Program Files\Microsoft SDKs\Windows\v7.0A\bin\rc.exe /nologo /fo".\Debug\foodTrack.exe.embed.manifest.res" .\Debug\foodTrack_manifest.rc 
       Link:
         D:\Program Files\Microsoft Visual Studio 10.0\VC\bin\link.exe /ERRORREPORT:PROMPT /OUT:".\Debug\foodTrack.exe" /INCREMENTAL /NOLOGO odbc32.lib /MANIFEST /ManifestFile:".\Debug\foodTrack.exe.intermediate.manifest" /MANIFESTUAC:"level='asInvoker' uiAccess='false'" /DEBUG /PDB:"D:\project\C\foodTrack\foodTrack\foodTrack\Debug\foodTrack.pdb" /SUBSYSTEM:WINDOWS /TLBID:1 /DYNAMICBASE /NXCOMPAT /IMPLIB:".\Debug\foodTrack.lib" /MACHINE:X86 .\Debug\foodTrack.res
         .\Debug\foodTrack.exe.embed.manifest.res
         .\Debug\CfoodTrackListView.obj
         .\Debug\Class.obj
         .\Debug\DlgCardReviewer.obj
         .\Debug\DlgClassEdit.obj
         .\Debug\DlgComm.obj
         .\Debug\DlgCommConfig.obj
         .\Debug\DlgFilterClass.obj
         .\Debug\DlgFindStudent.obj
         .\Debug\DlgSelectStudent.obj
         .\Debug\DlgStudentEdit.obj
         .\Debug\DlgStudentInfor.obj
         .\Debug\foodTrack.obj
         .\Debug\foodTrackDoc.obj
         .\Debug\Item.obj
         .\Debug\MainFrm.obj
         .\Debug\RstClass.obj
         .\Debug\RstClassList.obj
         .\Debug\RstExamType.obj
         .\Debug\RstKeyID.obj
         .\Debug\RstStudent.obj
         .\Debug\RstStudentType.obj
         .\Debug\SerialPort.obj
         .\Debug\stdafx.obj
         .\Debug\StringOper.obj
         .\Debug\Student.obj
            正在创建库 .\Debug\foodTrack.lib 和对象 .\Debug\foodTrack.exp
       Manifest:
         C:\Program Files\Microsoft SDKs\Windows\v7.0A\bin\mt.exe /nologo /verbose /out:".\Debug\foodTrack.exe.embed.manifest" /manifest .\Debug\foodTrack.exe.intermediate.manifest "D:\Program Files\Microsoft Visual Studio 10.0\VC\Include\Manifest\dpiaware.manifest"
         C:\Program Files\Microsoft SDKs\Windows\v7.0A\bin\rc.exe /nologo /fo".\Debug\foodTrack.exe.embed.manifest.res" .\Debug\foodTrack_manifest.rc 
       LinkEmbedManifest:
         D:\Program Files\Microsoft Visual Studio 10.0\VC\bin\link.exe /ERRORREPORT:PROMPT /OUT:".\Debug\foodTrack.exe" /INCREMENTAL /NOLOGO odbc32.lib /MANIFEST /ManifestFile:".\Debug\foodTrack.exe.intermediate.manifest" /MANIFESTUAC:"level='asInvoker' uiAccess='false'" /DEBUG /PDB:"D:\project\C\foodTrack\foodTrack\foodTrack\Debug\foodTrack.pdb" /SUBSYSTEM:WINDOWS /TLBID:1 /DYNAMICBASE /NXCOMPAT /IMPLIB:".\Debug\foodTrack.lib" /MACHINE:X86 .\Debug\foodTrack.res
         .\Debug\foodTrack.exe.embed.manifest.res
         .\Debug\CfoodTrackListView.obj
         .\Debug\Class.obj
         .\Debug\DlgCardReviewer.obj
         .\Debug\DlgClassEdit.obj
         .\Debug\DlgComm.obj
         .\Debug\DlgCommConfig.obj
         .\Debug\DlgFilterClass.obj
         .\Debug\DlgFindStudent.obj
         .\Debug\DlgSelectStudent.obj
         .\Debug\DlgStudentEdit.obj
         .\Debug\DlgStudentInfor.obj
         .\Debug\foodTrack.obj
         .\Debug\foodTrackDoc.obj
         .\Debug\Item.obj
         .\Debug\MainFrm.obj
         .\Debug\RstClass.obj
         .\Debug\RstClassList.obj
         .\Debug\RstExamType.obj
         .\Debug\RstKeyID.obj
         .\Debug\RstStudent.obj
         .\Debug\RstStudentType.obj
         .\Debug\SerialPort.obj
         .\Debug\stdafx.obj
         .\Debug\StringOper.obj
         .\Debug\Student.obj
         foodTrack.vcxproj -> D:\project\C\foodTrack\foodTrack\foodTrack\.\Debug\foodTrack.exe
       FinalizeBuildStatus:
         正在删除文件“.\Debug\foodTrack.unsuccessfulbuild”。
         正在对“.\Debug\foodTrack.lastbuildstate”执行 Touch 任务。
     1>已完成生成项目“D:\project\C\foodTrack\foodTrack\foodTrack\foodTrack.vcxproj”(build 个目标)的操作。

生成成功。

已用时间 00:00:12.39
